{"/home/runner/work/SolvyApp/SolvyApp/backend/src/routes/authRoutes.js": {"path":"/home/runner/work/SolvyApp/SolvyApp/backend/src/routes/authRoutes.js","statementMap":{"0":{"start":{"line":1,"column":16},"end":{"line":1,"column":34}},"1":{"start":{"line":2,"column":15},"end":{"line":2,"column":31}},"2":{"start":{"line":3,"column":45},"end":{"line":3,"column":84}},"3":{"start":{"line":4,"column":26},"end":{"line":4,"column":58}},"4":{"start":{"line":12,"column":0},"end":{"line":39,"column":3}},"5":{"start":{"line":13,"column":2},"end":{"line":38,"column":3}},"6":{"start":{"line":14,"column":22},"end":{"line":14,"column":30}},"7":{"start":{"line":16,"column":4},"end":{"line":22,"column":5}},"8":{"start":{"line":18,"column":6},"end":{"line":21,"column":9}},"9":{"start":{"line":24,"column":19},"end":{"line":24,"column":47}},"10":{"start":{"line":27,"column":4},"end":{"line":30,"column":7}},"11":{"start":{"line":32,"column":4},"end":{"line":32,"column":64}},"12":{"start":{"line":34,"column":4},"end":{"line":37,"column":7}},"13":{"start":{"line":46,"column":0},"end":{"line":99,"column":3}},"14":{"start":{"line":47,"column":2},"end":{"line":98,"column":3}},"15":{"start":{"line":48,"column":22},"end":{"line":48,"column":31}},"16":{"start":{"line":50,"column":4},"end":{"line":55,"column":5}},"17":{"start":{"line":51,"column":6},"end":{"line":54,"column":9}},"18":{"start":{"line":57,"column":19},"end":{"line":57,"column":47}},"19":{"start":{"line":59,"column":4},"end":{"line":64,"column":5}},"20":{"start":{"line":60,"column":6},"end":{"line":63,"column":9}},"21":{"start":{"line":67,"column":24},"end":{"line":67,"column":56}},"22":{"start":{"line":69,"column":4},"end":{"line":74,"column":5}},"23":{"start":{"line":70,"column":6},"end":{"line":73,"column":9}},"24":{"start":{"line":77,"column":4},"end":{"line":84,"column":5}},"25":{"start":{"line":78,"column":6},"end":{"line":83,"column":9}},"26":{"start":{"line":86,"column":4},"end":{"line":91,"column":7}},"27":{"start":{"line":93,"column":4},"end":{"line":93,"column":70}},"28":{"start":{"line":94,"column":4},"end":{"line":97,"column":7}},"29":{"start":{"line":101,"column":0},"end":{"line":101,"column":24}}},"fnMap":{"0":{"name":"(anonymous_0)","decl":{"start":{"line":12,"column":27},"end":{"line":12,"column":28}},"loc":{"start":{"line":12,"column":47},"end":{"line":39,"column":1}},"line":12},"1":{"name":"(anonymous_1)","decl":{"start":{"line":46,"column":33},"end":{"line":46,"column":34}},"loc":{"start":{"line":46,"column":53},"end":{"line":99,"column":1}},"line":46}},"branchMap":{"0":{"loc":{"start":{"line":16,"column":4},"end":{"line":22,"column":5}},"type":"if","locations":[{"start":{"line":16,"column":4},"end":{"line":22,"column":5}},{"start":{},"end":{}}],"line":16},"1":{"loc":{"start":{"line":50,"column":4},"end":{"line":55,"column":5}},"type":"if","locations":[{"start":{"line":50,"column":4},"end":{"line":55,"column":5}},{"start":{},"end":{}}],"line":50},"2":{"loc":{"start":{"line":59,"column":4},"end":{"line":64,"column":5}},"type":"if","locations":[{"start":{"line":59,"column":4},"end":{"line":64,"column":5}},{"start":{},"end":{}}],"line":59},"3":{"loc":{"start":{"line":62,"column":15},"end":{"line":62,"column":57}},"type":"binary-expr","locations":[{"start":{"line":62,"column":15},"end":{"line":62,"column":27}},{"start":{"line":62,"column":31},"end":{"line":62,"column":57}}],"line":62},"4":{"loc":{"start":{"line":69,"column":4},"end":{"line":74,"column":5}},"type":"if","locations":[{"start":{"line":69,"column":4},"end":{"line":74,"column":5}},{"start":{},"end":{}}],"line":69},"5":{"loc":{"start":{"line":77,"column":4},"end":{"line":84,"column":5}},"type":"if","locations":[{"start":{"line":77,"column":4},"end":{"line":84,"column":5}},{"start":{},"end":{}}],"line":77},"6":{"loc":{"start":{"line":88,"column":19},"end":{"line":88,"column":49}},"type":"binary-expr","locations":[{"start":{"line":88,"column":19},"end":{"line":88,"column":42}},{"start":{"line":88,"column":46},"end":{"line":88,"column":49}}],"line":88}},"s":{"0":1,"1":1,"2":1,"3":1,"4":1,"5":3,"6":3,"7":3,"8":1,"9":2,"10":2,"11":0,"12":0,"13":1,"14":2,"15":2,"16":2,"17":1,"18":1,"19":1,"20":1,"21":0,"22":0,"23":0,"24":0,"25":0,"26":0,"27":0,"28":0,"29":1},"f":{"0":3,"1":2},"b":{"0":[1,2],"1":[1,1],"2":[1,0],"3":[1,0],"4":[0,0],"5":[0,0],"6":[0,0]},"_coverageSchema":"1a1c01bbd47fc00a2c39e90264f33305004495a9","hash":"941bb0733ad85b0ff21af3436432a366243a201e"}
,"/home/runner/work/SolvyApp/SolvyApp/backend/src/services/magicLinkService.js": {"path":"/home/runner/work/SolvyApp/SolvyApp/backend/src/services/magicLinkService.js","statementMap":{"0":{"start":{"line":1,"column":15},"end":{"line":1,"column":32}},"1":{"start":{"line":2,"column":23},"end":{"line":2,"column":38}},"2":{"start":{"line":3,"column":25},"end":{"line":3,"column":57}},"3":{"start":{"line":4,"column":19},"end":{"line":4,"column":40}},"4":{"start":{"line":5,"column":11},"end":{"line":5,"column":33}},"5":{"start":{"line":6,"column":13},"end":{"line":6,"column":28}},"6":{"start":{"line":9,"column":17},"end":{"line":12,"column":1}},"7":{"start":{"line":16,"column":0},"end":{"line":30,"column":1}},"8":{"start":{"line":18,"column":2},"end":{"line":18,"column":65}},"9":{"start":{"line":21,"column":2},"end":{"line":29,"column":5}},"10":{"start":{"line":38,"column":22},"end":{"line":38,"column":44}},"11":{"start":{"line":39,"column":14},"end":{"line":39,"column":22}},"12":{"start":{"line":42,"column":16},"end":{"line":42,"column":55}},"13":{"start":{"line":45,"column":15},"end":{"line":45,"column":70}},"14":{"start":{"line":47,"column":2},"end":{"line":47,"column":30}},"15":{"start":{"line":56,"column":2},"end":{"line":56,"column":65}},"16":{"start":{"line":65,"column":2},"end":{"line":150,"column":3}},"17":{"start":{"line":67,"column":28},"end":{"line":67,"column":54}},"18":{"start":{"line":70,"column":46},"end":{"line":70,"column":83}},"19":{"start":{"line":72,"column":4},"end":{"line":76,"column":5}},"20":{"start":{"line":73,"column":6},"end":{"line":73,"column":56}},"21":{"start":{"line":75,"column":6},"end":{"line":75,"column":92}},"22":{"start":{"line":78,"column":17},"end":{"line":78,"column":82}},"23":{"start":{"line":78,"column":39},"end":{"line":78,"column":81}},"24":{"start":{"line":80,"column":4},"end":{"line":84,"column":5}},"25":{"start":{"line":82,"column":6},"end":{"line":82,"column":66}},"26":{"start":{"line":83,"column":6},"end":{"line":83,"column":92}},"27":{"start":{"line":87,"column":33},"end":{"line":87,"column":48}},"28":{"start":{"line":90,"column":30},"end":{"line":90,"column":79}},"29":{"start":{"line":91,"column":22},"end":{"line":91,"column":74}},"30":{"start":{"line":94,"column":35},"end":{"line":101,"column":8}},"31":{"start":{"line":103,"column":4},"end":{"line":106,"column":5}},"32":{"start":{"line":104,"column":6},"end":{"line":104,"column":56}},"33":{"start":{"line":105,"column":6},"end":{"line":105,"column":74}},"34":{"start":{"line":109,"column":25},"end":{"line":109,"column":94}},"35":{"start":{"line":112,"column":25},"end":{"line":112,"column":73}},"36":{"start":{"line":114,"column":4},"end":{"line":129,"column":5}},"37":{"start":{"line":115,"column":6},"end":{"line":115,"column":58}},"38":{"start":{"line":117,"column":6},"end":{"line":117,"column":70}},"39":{"start":{"line":118,"column":6},"end":{"line":118,"column":80}},"40":{"start":{"line":120,"column":6},"end":{"line":120,"column":58}},"41":{"start":{"line":122,"column":6},"end":{"line":128,"column":8}},"42":{"start":{"line":132,"column":4},"end":{"line":144,"column":5}},"43":{"start":{"line":133,"column":6},"end":{"line":138,"column":9}},"44":{"start":{"line":140,"column":6},"end":{"line":140,"column":60}},"45":{"start":{"line":142,"column":6},"end":{"line":142,"column":56}},"46":{"start":{"line":146,"column":4},"end":{"line":146,"column":90}},"47":{"start":{"line":148,"column":4},"end":{"line":148,"column":54}},"48":{"start":{"line":149,"column":4},"end":{"line":149,"column":60}},"49":{"start":{"line":159,"column":2},"end":{"line":221,"column":3}},"50":{"start":{"line":160,"column":4},"end":{"line":162,"column":5}},"51":{"start":{"line":161,"column":6},"end":{"line":161,"column":60}},"52":{"start":{"line":165,"column":17},"end":{"line":165,"column":33}},"53":{"start":{"line":168,"column":51},"end":{"line":172,"column":15}},"54":{"start":{"line":174,"column":4},"end":{"line":177,"column":5}},"55":{"start":{"line":175,"column":6},"end":{"line":175,"column":61}},"56":{"start":{"line":176,"column":6},"end":{"line":176,"column":67}},"57":{"start":{"line":180,"column":4},"end":{"line":183,"column":5}},"58":{"start":{"line":181,"column":6},"end":{"line":181,"column":40}},"59":{"start":{"line":182,"column":6},"end":{"line":182,"column":70}},"60":{"start":{"line":186,"column":16},"end":{"line":186,"column":26}},"61":{"start":{"line":187,"column":22},"end":{"line":187,"column":52}},"62":{"start":{"line":188,"column":4},"end":{"line":191,"column":5}},"63":{"start":{"line":189,"column":6},"end":{"line":189,"column":35}},"64":{"start":{"line":190,"column":6},"end":{"line":190,"column":60}},"65":{"start":{"line":194,"column":35},"end":{"line":197,"column":29}},"66":{"start":{"line":199,"column":4},"end":{"line":201,"column":5}},"67":{"start":{"line":200,"column":6},"end":{"line":200,"column":65}},"68":{"start":{"line":204,"column":49},"end":{"line":204,"column":105}},"69":{"start":{"line":206,"column":4},"end":{"line":209,"column":5}},"70":{"start":{"line":207,"column":6},"end":{"line":207,"column":55}},"71":{"start":{"line":208,"column":6},"end":{"line":208,"column":57}},"72":{"start":{"line":211,"column":4},"end":{"line":217,"column":6}},"73":{"start":{"line":219,"column":4},"end":{"line":219,"column":54}},"74":{"start":{"line":220,"column":4},"end":{"line":220,"column":58}},"75":{"start":{"line":224,"column":0},"end":{"line":227,"column":2}}},"fnMap":{"0":{"name":"generateToken","decl":{"start":{"line":36,"column":9},"end":{"line":36,"column":22}},"loc":{"start":{"line":36,"column":25},"end":{"line":48,"column":1}},"line":36},"1":{"name":"hashToken","decl":{"start":{"line":55,"column":9},"end":{"line":55,"column":18}},"loc":{"start":{"line":55,"column":26},"end":{"line":57,"column":1}},"line":55},"2":{"name":"createMagicLink","decl":{"start":{"line":64,"column":15},"end":{"line":64,"column":30}},"loc":{"start":{"line":64,"column":38},"end":{"line":151,"column":1}},"line":64},"3":{"name":"(anonymous_3)","decl":{"start":{"line":78,"column":34},"end":{"line":78,"column":35}},"loc":{"start":{"line":78,"column":39},"end":{"line":78,"column":81}},"line":78},"4":{"name":"verifyMagicLink","decl":{"start":{"line":158,"column":15},"end":{"line":158,"column":30}},"loc":{"start":{"line":158,"column":38},"end":{"line":222,"column":1}},"line":158}},"branchMap":{"0":{"loc":{"start":{"line":16,"column":0},"end":{"line":30,"column":1}},"type":"if","locations":[{"start":{"line":16,"column":0},"end":{"line":30,"column":1}},{"start":{"line":19,"column":7},"end":{"line":30,"column":1}}],"line":16},"1":{"loc":{"start":{"line":23,"column":10},"end":{"line":23,"column":48}},"type":"binary-expr","locations":[{"start":{"line":23,"column":10},"end":{"line":23,"column":41}},{"start":{"line":23,"column":45},"end":{"line":23,"column":48}}],"line":23},"2":{"loc":{"start":{"line":72,"column":4},"end":{"line":76,"column":5}},"type":"if","locations":[{"start":{"line":72,"column":4},"end":{"line":76,"column":5}},{"start":{},"end":{}}],"line":72},"3":{"loc":{"start":{"line":80,"column":4},"end":{"line":84,"column":5}},"type":"if","locations":[{"start":{"line":80,"column":4},"end":{"line":84,"column":5}},{"start":{},"end":{}}],"line":80},"4":{"loc":{"start":{"line":90,"column":30},"end":{"line":90,"column":79}},"type":"binary-expr","locations":[{"start":{"line":90,"column":30},"end":{"line":90,"column":73}},{"start":{"line":90,"column":77},"end":{"line":90,"column":79}}],"line":90},"5":{"loc":{"start":{"line":103,"column":4},"end":{"line":106,"column":5}},"type":"if","locations":[{"start":{"line":103,"column":4},"end":{"line":106,"column":5}},{"start":{},"end":{}}],"line":103},"6":{"loc":{"start":{"line":160,"column":4},"end":{"line":162,"column":5}},"type":"if","locations":[{"start":{"line":160,"column":4},"end":{"line":162,"column":5}},{"start":{},"end":{}}],"line":160},"7":{"loc":{"start":{"line":174,"column":4},"end":{"line":177,"column":5}},"type":"if","locations":[{"start":{"line":174,"column":4},"end":{"line":177,"column":5}},{"start":{},"end":{}}],"line":174},"8":{"loc":{"start":{"line":174,"column":8},"end":{"line":174,"column":32}},"type":"binary-expr","locations":[{"start":{"line":174,"column":8},"end":{"line":174,"column":18}},{"start":{"line":174,"column":22},"end":{"line":174,"column":32}}],"line":174},"9":{"loc":{"start":{"line":180,"column":4},"end":{"line":183,"column":5}},"type":"if","locations":[{"start":{"line":180,"column":4},"end":{"line":183,"column":5}},{"start":{},"end":{}}],"line":180},"10":{"loc":{"start":{"line":188,"column":4},"end":{"line":191,"column":5}},"type":"if","locations":[{"start":{"line":188,"column":4},"end":{"line":191,"column":5}},{"start":{},"end":{}}],"line":188},"11":{"loc":{"start":{"line":199,"column":4},"end":{"line":201,"column":5}},"type":"if","locations":[{"start":{"line":199,"column":4},"end":{"line":201,"column":5}},{"start":{},"end":{}}],"line":199},"12":{"loc":{"start":{"line":206,"column":4},"end":{"line":209,"column":5}},"type":"if","locations":[{"start":{"line":206,"column":4},"end":{"line":209,"column":5}},{"start":{},"end":{}}],"line":206},"13":{"loc":{"start":{"line":206,"column":8},"end":{"line":206,"column":35}},"type":"binary-expr","locations":[{"start":{"line":206,"column":8},"end":{"line":206,"column":17}},{"start":{"line":206,"column":21},"end":{"line":206,"column":35}}],"line":206}},"s":{"0":1,"1":1,"2":1,"3":1,"4":1,"5":1,"6":1,"7":1,"8":1,"9":0,"10":0,"11":0,"12":0,"13":0,"14":0,"15":1,"16":2,"17":2,"18":2,"19":0,"20":0,"21":0,"22":0,"23":0,"24":0,"25":0,"26":0,"27":0,"28":0,"29":0,"30":0,"31":0,"32":0,"33":0,"34":0,"35":0,"36":0,"37":0,"38":0,"39":0,"40":0,"41":0,"42":0,"43":0,"44":0,"45":0,"46":0,"47":2,"48":2,"49":1,"50":1,"51":0,"52":1,"53":1,"54":0,"55":0,"56":0,"57":0,"58":0,"59":0,"60":0,"61":0,"62":0,"63":0,"64":0,"65":0,"66":0,"67":0,"68":0,"69":0,"70":0,"71":0,"72":0,"73":1,"74":1,"75":1},"f":{"0":0,"1":1,"2":2,"3":0,"4":1},"b":{"0":[1,0],"1":[0,0],"2":[0,0],"3":[0,0],"4":[0,0],"5":[0,0],"6":[0,1],"7":[0,0],"8":[0,0],"9":[0,0],"10":[0,0],"11":[0,0],"12":[0,0],"13":[0,0]},"_coverageSchema":"1a1c01bbd47fc00a2c39e90264f33305004495a9","hash":"55220c8dfb6cb6bd2aee8be30602fd020374b451"}
,"/home/runner/work/SolvyApp/SolvyApp/backend/src/utils/sessionUtils.js": {"path":"/home/runner/work/SolvyApp/SolvyApp/backend/src/utils/sessionUtils.js","statementMap":{"0":{"start":{"line":1,"column":12},"end":{"line":1,"column":35}},"1":{"start":{"line":2,"column":25},"end":{"line":2,"column":57}},"2":{"start":{"line":5,"column":17},"end":{"line":8,"column":1}},"3":{"start":{"line":16,"column":2},"end":{"line":60,"column":3}},"4":{"start":{"line":19,"column":4},"end":{"line":31,"column":5}},"5":{"start":{"line":20,"column":30},"end":{"line":23,"column":8}},"6":{"start":{"line":25,"column":6},"end":{"line":28,"column":7}},"7":{"start":{"line":30,"column":6},"end":{"line":30,"column":81}},"8":{"start":{"line":34,"column":22},"end":{"line":34,"column":44}},"9":{"start":{"line":35,"column":4},"end":{"line":38,"column":5}},"10":{"start":{"line":36,"column":6},"end":{"line":36,"column":49}},"11":{"start":{"line":37,"column":6},"end":{"line":37,"column":69}},"12":{"start":{"line":40,"column":22},"end":{"line":40,"column":56}},"13":{"start":{"line":42,"column":18},"end":{"line":50,"column":5}},"14":{"start":{"line":52,"column":4},"end":{"line":56,"column":6}},"15":{"start":{"line":58,"column":4},"end":{"line":58,"column":52}},"16":{"start":{"line":59,"column":4},"end":{"line":59,"column":65}},"17":{"start":{"line":69,"column":2},"end":{"line":83,"column":3}},"18":{"start":{"line":70,"column":22},"end":{"line":70,"column":44}},"19":{"start":{"line":71,"column":4},"end":{"line":73,"column":5}},"20":{"start":{"line":72,"column":6},"end":{"line":72,"column":30}},"21":{"start":{"line":75,"column":20},"end":{"line":75,"column":48}},"22":{"start":{"line":76,"column":4},"end":{"line":80,"column":6}},"23":{"start":{"line":82,"column":4},"end":{"line":82,"column":28}},"24":{"start":{"line":86,"column":0},"end":{"line":89,"column":2}}},"fnMap":{"0":{"name":"createSession","decl":{"start":{"line":15,"column":15},"end":{"line":15,"column":28}},"loc":{"start":{"line":15,"column":35},"end":{"line":61,"column":1}},"line":15},"1":{"name":"verifySession","decl":{"start":{"line":68,"column":9},"end":{"line":68,"column":22}},"loc":{"start":{"line":68,"column":30},"end":{"line":84,"column":1}},"line":68}},"branchMap":{"0":{"loc":{"start":{"line":25,"column":6},"end":{"line":28,"column":7}},"type":"if","locations":[{"start":{"line":25,"column":6},"end":{"line":28,"column":7}},{"start":{},"end":{}}],"line":25},"1":{"loc":{"start":{"line":25,"column":10},"end":{"line":25,"column":49}},"type":"binary-expr","locations":[{"start":{"line":25,"column":10},"end":{"line":25,"column":16}},{"start":{"line":25,"column":20},"end":{"line":25,"column":49}}],"line":25},"2":{"loc":{"start":{"line":35,"column":4},"end":{"line":38,"column":5}},"type":"if","locations":[{"start":{"line":35,"column":4},"end":{"line":38,"column":5}},{"start":{},"end":{}}],"line":35},"3":{"loc":{"start":{"line":40,"column":22},"end":{"line":40,"column":56}},"type":"binary-expr","locations":[{"start":{"line":40,"column":22},"end":{"line":40,"column":48}},{"start":{"line":40,"column":52},"end":{"line":40,"column":56}}],"line":40},"4":{"loc":{"start":{"line":71,"column":4},"end":{"line":73,"column":5}},"type":"if","locations":[{"start":{"line":71,"column":4},"end":{"line":73,"column":5}},{"start":{},"end":{}}],"line":71}},"s":{"0":1,"1":1,"2":1,"3":0,"4":0,"5":0,"6":0,"7":0,"8":0,"9":0,"10":0,"11":0,"12":0,"13":0,"14":0,"15":0,"16":0,"17":0,"18":0,"19":0,"20":0,"21":0,"22":0,"23":0,"24":1},"f":{"0":0,"1":0},"b":{"0":[0,0],"1":[0,0],"2":[0,0],"3":[0,0],"4":[0,0]},"_coverageSchema":"1a1c01bbd47fc00a2c39e90264f33305004495a9","hash":"f36b56e6cca722d1bbabc4c702ff0df8babf8782"}
}
