TN:
SF:src/routes/authRoutes.js
FN:12,(anonymous_0)
FN:46,(anonymous_1)
FNF:2
FNH:2
FNDA:3,(anonymous_0)
FNDA:2,(anonymous_1)
DA:1,1
DA:2,1
DA:3,1
DA:4,1
DA:12,1
DA:13,3
DA:14,3
DA:16,3
DA:18,1
DA:24,2
DA:27,2
DA:32,0
DA:34,0
DA:46,1
DA:47,2
DA:48,2
DA:50,2
DA:51,1
DA:57,1
DA:59,1
DA:60,1
DA:67,0
DA:69,0
DA:70,0
DA:77,0
DA:78,0
DA:86,0
DA:93,0
DA:94,0
DA:101,1
LF:30
LH:20
BRDA:16,0,0,1
BRDA:16,0,1,2
BRDA:50,1,0,1
BRDA:50,1,1,1
BRDA:59,2,0,1
BRDA:59,2,1,0
BRDA:62,3,0,1
BRDA:62,3,1,0
BRDA:69,4,0,0
BRDA:69,4,1,0
BRDA:77,5,0,0
BRDA:77,5,1,0
BRDA:88,6,0,0
BRDA:88,6,1,0
BRF:14
BRH:6
end_of_record
TN:
SF:src/services/magicLinkService.js
FN:36,generateToken
FN:55,hashToken
FN:64,createMagicLink
FN:78,(anonymous_3)
FN:158,verifyMagicLink
FNF:5
FNH:3
FNDA:0,generateToken
FNDA:1,hashToken
FNDA:2,createMagicLink
FNDA:0,(anonymous_3)
FNDA:1,verifyMagicLink
DA:1,1
DA:2,1
DA:3,1
DA:4,1
DA:5,1
DA:6,1
DA:9,1
DA:16,1
DA:18,1
DA:21,0
DA:38,0
DA:39,0
DA:42,0
DA:45,0
DA:47,0
DA:56,1
DA:65,2
DA:67,2
DA:70,2
DA:72,0
DA:73,0
DA:75,0
DA:78,0
DA:80,0
DA:82,0
DA:83,0
DA:87,0
DA:90,0
DA:91,0
DA:94,0
DA:103,0
DA:104,0
DA:105,0
DA:109,0
DA:112,0
DA:114,0
DA:115,0
DA:117,0
DA:118,0
DA:120,0
DA:122,0
DA:132,0
DA:133,0
DA:140,0
DA:142,0
DA:146,0
DA:148,2
DA:149,2
DA:159,1
DA:160,1
DA:161,0
DA:165,1
DA:168,1
DA:174,0
DA:175,0
DA:176,0
DA:180,0
DA:181,0
DA:182,0
DA:186,0
DA:187,0
DA:188,0
DA:189,0
DA:190,0
DA:194,0
DA:199,0
DA:200,0
DA:204,0
DA:206,0
DA:207,0
DA:208,0
DA:211,0
DA:219,1
DA:220,1
DA:224,1
LF:75
LH:22
BRDA:16,0,0,1
BRDA:16,0,1,0
BRDA:23,1,0,0
BRDA:23,1,1,0
BRDA:72,2,0,0
BRDA:72,2,1,0
BRDA:80,3,0,0
BRDA:80,3,1,0
BRDA:90,4,0,0
BRDA:90,4,1,0
BRDA:103,5,0,0
BRDA:103,5,1,0
BRDA:160,6,0,0
BRDA:160,6,1,1
BRDA:174,7,0,0
BRDA:174,7,1,0
BRDA:174,8,0,0
BRDA:174,8,1,0
BRDA:180,9,0,0
BRDA:180,9,1,0
BRDA:188,10,0,0
BRDA:188,10,1,0
BRDA:199,11,0,0
BRDA:199,11,1,0
BRDA:206,12,0,0
BRDA:206,12,1,0
BRDA:206,13,0,0
BRDA:206,13,1,0
BRF:28
BRH:2
end_of_record
TN:
SF:src/utils/sessionUtils.js
FN:15,createSession
FN:68,verifySession
FNF:2
FNH:0
FNDA:0,createSession
FNDA:0,verifySession
DA:1,1
DA:2,1
DA:5,1
DA:16,0
DA:19,0
DA:20,0
DA:25,0
DA:30,0
DA:34,0
DA:35,0
DA:36,0
DA:37,0
DA:40,0
DA:42,0
DA:52,0
DA:58,0
DA:59,0
DA:69,0
DA:70,0
DA:71,0
DA:72,0
DA:75,0
DA:76,0
DA:82,0
DA:86,1
LF:25
LH:4
BRDA:25,0,0,0
BRDA:25,0,1,0
BRDA:25,1,0,0
BRDA:25,1,1,0
BRDA:35,2,0,0
BRDA:35,2,1,0
BRDA:40,3,0,0
BRDA:40,3,1,0
BRDA:71,4,0,0
BRDA:71,4,1,0
BRF:10
BRH:0
end_of_record
